<?xml version="1.0" encoding="UTF-8"?>
<!-- Generated by org.testng.reporters.JUnitXMLReporter -->
<testsuite ignored="0" hostname="LAPTOP-T7PI7EN2" failures="3" tests="4" name="Test" time="0.609" errors="0" timestamp="2024-04-18T14:47:13 IST">
  <testcase classname="core.Page" name="@BeforeTest openBrowser" time="0.009">
    <skipped/>
  </testcase> <!-- @BeforeTest openBrowser -->
  <testcase classname="core.Page" name="@AfterTest afterTest" time="-1.713431833942E9">
    <skipped/>
  </testcase> <!-- @AfterTest afterTest -->
  <testcase classname="testcases.AmazonLogin" name="login" time="0.0">
    <skipped/>
  </testcase> <!-- login -->
  <testcase classname="testcases.AmazonShop" name="shop" time="0.002">
    <failure type="java.lang.NullPointerException" message="Cannot invoke &amp;quot;com.relevantcodes.extentreports.ExtentTest.log(com.relevantcodes.extentreports.LogStatus, String)&amp;quot; because &amp;quot;core.Hook.test&amp;quot; is null">
      <![CDATA[java.lang.NullPointerException: Cannot invoke "com.relevantcodes.extentreports.ExtentTest.log(com.relevantcodes.extentreports.LogStatus, String)" because "core.Hook.test" is null
at testcases.AmazonShop.shop(AmazonShop.java:41)
at java.base/java.util.ArrayList.forEach(ArrayList.java:1511)
... Removed 27 stack frames]]>
    </failure>
  </testcase> <!-- shop -->
  <testcase classname="testcases.AmazonShop" name="shop" time="0.001">
    <failure type="java.lang.NullPointerException" message="Cannot invoke &amp;quot;com.relevantcodes.extentreports.ExtentTest.log(com.relevantcodes.extentreports.LogStatus, String)&amp;quot; because &amp;quot;core.Hook.test&amp;quot; is null">
      <![CDATA[java.lang.NullPointerException: Cannot invoke "com.relevantcodes.extentreports.ExtentTest.log(com.relevantcodes.extentreports.LogStatus, String)" because "core.Hook.test" is null
at testcases.AmazonShop.shop(AmazonShop.java:41)
at java.base/java.util.ArrayList.forEach(ArrayList.java:1511)
... Removed 27 stack frames]]>
    </failure>
  </testcase> <!-- shop -->
  <testcase classname="testcases.AmazonShop" name="shop" time="0.001">
    <failure type="java.lang.NullPointerException" message="Cannot invoke &amp;quot;com.relevantcodes.extentreports.ExtentTest.log(com.relevantcodes.extentreports.LogStatus, String)&amp;quot; because &amp;quot;core.Hook.test&amp;quot; is null">
      <![CDATA[java.lang.NullPointerException: Cannot invoke "com.relevantcodes.extentreports.ExtentTest.log(com.relevantcodes.extentreports.LogStatus, String)" because "core.Hook.test" is null
at testcases.AmazonShop.shop(AmazonShop.java:41)
at java.base/java.util.ArrayList.forEach(ArrayList.java:1511)
... Removed 27 stack frames]]>
    </failure>
  </testcase> <!-- shop -->
</testsuite> <!-- Test -->
